<?xml version="1.0" encoding="UTF-8"?>
<!-- Generated by org.testng.reporters.JUnitReportReporter -->
<testsuite hostname="DESKTOP-UNVGE05" failures="0" tests="1" name="testng.thirdfile" time="0.001" errors="0" timestamp="2023-03-16T12:01:18 AEDT" skipped="0">
  <testcase classname="testng.thirdfile" name="display_three" time="0.001"/>
  <system-out/>
</testsuite> <!-- testng.thirdfile -->
