<?xml version="1.0" encoding="UTF-8"?>
<!-- Generated by org.testng.reporters.JUnitReportReporter -->
<testsuite hostname="DESKTOP-UNVGE05" failures="0" tests="1" name="testng.second_test" time="2.995" errors="0" timestamp="2023-04-03T18:48:36 AEST" skipped="0">
  <testcase classname="testng.second_test" name="TC002_login_applicaiton" time="2.995"/>
  <system-out/>
</testsuite> <!-- testng.second_test -->
