<?xml version="1.0" encoding="UTF-8"?>
<!-- Generated by org.testng.reporters.JUnitReportReporter -->
<testsuite hostname="DESKTOP-UNVGE05" failures="0" tests="3" name="testng.firsttest" time="0.006" errors="0" timestamp="2023-04-03T18:48:36 AEST" skipped="0">
  <testcase classname="testng.firsttest" name="test2" time="0.000"/>
  <system-out/>
  <testcase classname="testng.firsttest" name="test1" time="0.006"/>
  <system-out/>
  <testcase classname="testng.firsttest" name="test3" time="0.000"/>
  <system-out/>
</testsuite> <!-- testng.firsttest -->
