<?xml version="1.0" encoding="UTF-8"?>
<!-- Generated by org.testng.reporters.JUnitReportReporter -->
<testsuite hostname="DESKTOP-UNVGE05" failures="0" tests="1" name="testng.secondfile" time="0.000" errors="0" timestamp="2023-03-16T12:02:10 AEDT" skipped="0">
  <testcase classname="testng.secondfile" name="secondfile_display" time="0.000"/>
  <system-out/>
</testsuite> <!-- testng.secondfile -->
