<?xml version="1.0" encoding="UTF-8"?>
<!-- Generated by org.testng.reporters.JUnitReportReporter -->
<testsuite hostname="DESKTOP-UNVGE05" failures="0" tests="2" name="testng.annotation_class_2" time="0.002" errors="0" timestamp="2023-04-04T07:56:37 AEST" skipped="0">
  <testcase classname="testng.annotation_class_2" name="class2_method1" time="0.001"/>
  <system-out/>
  <testcase classname="testng.annotation_class_2" name="class2_method2" time="0.001"/>
  <system-out/>
</testsuite> <!-- testng.annotation_class_2 -->
