<?xml version="1.0" encoding="UTF-8"?>
<!-- Generated by org.testng.reporters.JUnitReportReporter -->
<testsuite hostname="DESKTOP-UNVGE05" failures="0" tests="1" name="testng.annotation_class_1" time="0.003" errors="0" timestamp="2023-04-04T07:56:37 AEST" skipped="0">
  <testcase classname="testng.annotation_class_1" name="class1_method1" time="0.003"/>
  <system-out/>
</testsuite> <!-- testng.annotation_class_1 -->
