<?xml version="1.0" encoding="UTF-8"?>
<!-- Generated by org.testng.reporters.JUnitReportReporter -->
<testsuite hostname="DESKTOP-UNVGE05" failures="0" tests="2" name="webportal.Login" time="0.006" errors="0" timestamp="2023-03-26T07:36:25 AEDT" skipped="0">
  <testcase classname="webportal.Login" name="logoutTest" time="0.001"/>
  <system-out/>
  <testcase classname="webportal.Login" name="loginTest" time="0.005"/>
  <system-out/>
</testsuite> <!-- webportal.Login -->
