<?xml version="1.0" encoding="UTF-8"?>
<!-- Generated by org.testng.reporters.JUnitReportReporter -->
<testsuite hostname="DESKTOP-UNVGE05" failures="0" tests="2" name="testng.annotation_demo_01" time="0.003" errors="0" timestamp="2023-04-04T07:23:19 AEST" skipped="0">
  <testcase classname="testng.annotation_demo_01" name="search" time="0.003"/>
  <system-out/>
  <testcase classname="testng.annotation_demo_01" name="advancedsearch" time="0.000"/>
  <system-out/>
</testsuite> <!-- testng.annotation_demo_01 -->
